<?xml version="1.0" encoding="UTF-8"?>
<!-- Generated by org.testng.reporters.JUnitReportReporter -->
<testsuite hostname="HP-Laptop" failures="0" tests="2" name="OrangeHRM_Runner.AddLanguage_runner" time="50.083" errors="0" timestamp="2023-09-01T09:10:14 IST" skipped="0">
  <testcase classname="OrangeHRM_Runner.AddLanguage_runner" name="runScenario" time="30.488"/>
  <testcase classname="OrangeHRM_Runner.AddLanguage_runner" name="runScenario" time="19.595"/>
</testsuite> <!-- OrangeHRM_Runner.AddLanguage_runner -->
